<?xml version="1.0" encoding="UTF-8"?>
<testng-results skipped="0" failed="0" ignored="0" total="1" passed="1">
  <reporter-output>
  </reporter-output>
  <suite name="Suite" duration-ms="20064" started-at="2019-04-03T06:31:54Z" finished-at="2019-04-03T06:32:14Z">
    <groups>
    </groups>
    <test name="Test" duration-ms="20064" started-at="2019-04-03T06:31:54Z" finished-at="2019-04-03T06:32:14Z">
      <class name="mavenexample.example">
        <test-method status="PASS" signature="openURL()[pri:0, instance:mavenexample.example@7d9d1a19]" name="openURL" duration-ms="19987" started-at="2019-04-03T06:31:54Z" finished-at="2019-04-03T06:32:14Z">
          <reporter-output>
          </reporter-output>
        </test-method> <!-- openURL -->
      </class> <!-- mavenexample.example -->
    </test> <!-- Test -->
  </suite> <!-- Suite -->
</testng-results>
